<?xml version="1.0" encoding="UTF-8"?>
<!-- Generated by org.testng.reporters.JUnitReportReporter -->
<testsuite hostname="nothing" failures="0" tests="1" name="com.saucedemo.testscripts.BuyingMultipleProductsTest" time="1.434" errors="0" timestamp="2023-08-04T23:01:56 EDT" skipped="0">
  <testcase classname="com.saucedemo.testscripts.BuyingMultipleProductsTest" name="BuyingProcess" time="1.434"/>
</testsuite> <!-- com.saucedemo.testscripts.BuyingMultipleProductsTest -->
